<?xml version="1.0" encoding="UTF-8"?>
<robot generator="Robot 3.1.2 (Python 3.7.3 on win32)" generated="20190620 21:54:11.311" rpa="false">
<suite id="s1" name="Gitproject" source="C:\Users\Rukhmini\git\Testgit1\Gitproject">
<suite id="s1-s1" name="New" source="C:\Users\Rukhmini\git\Testgit1\Gitproject\new.robot">
<test id="s1-s1-t1" name="TC01">
<kw name="Create Webdriver" library="SeleniumLibrary">
<doc>Creates an instance of Selenium WebDriver.</doc>
<arguments>
<arg>chrome</arg>
<arg>executable_path=C:/Users/Rukhmini/Downloads/chromedriver_win32/chromedriver.exe</arg>
</arguments>
<msg timestamp="20190620 21:54:11.811" level="INFO">Creating an instance of the chrome WebDriver.</msg>
<kw name="Capture Page Screenshot" library="SeleniumLibrary">
<doc>Takes screenshot of the current page and embeds it into log file.</doc>
<msg timestamp="20190620 21:54:11.811" level="INFO">Cannot capture screenshot because no browser is open.</msg>
<status status="PASS" starttime="20190620 21:54:11.811" endtime="20190620 21:54:11.811"></status>
</kw>
<msg timestamp="20190620 21:54:11.813" level="FAIL">TypeError: 'module' object is not callable</msg>
<status status="FAIL" starttime="20190620 21:54:11.810" endtime="20190620 21:54:11.813"></status>
</kw>
<status status="FAIL" starttime="20190620 21:54:11.809" endtime="20190620 21:54:11.814" critical="yes">TypeError: 'module' object is not callable</status>
</test>
<status status="FAIL" starttime="20190620 21:54:11.453" endtime="20190620 21:54:11.815"></status>
</suite>
<status status="FAIL" starttime="20190620 21:54:11.378" endtime="20190620 21:54:11.817"></status>
</suite>
<statistics>
<total>
<stat pass="0" fail="1">Critical Tests</stat>
<stat pass="0" fail="1">All Tests</stat>
</total>
<tag>
</tag>
<suite>
<stat pass="0" fail="1" id="s1" name="Gitproject">Gitproject</stat>
<stat pass="0" fail="1" id="s1-s1" name="New">Gitproject.New</stat>
</suite>
</statistics>
<errors>
</errors>
</robot>
